Vivado Simulator v2024.1
Copyright 1986-2022 Xilinx, Inc. All Rights Reserved.
Copyright 2022-2024 Advanced Micro Devices, Inc. All Rights Reserved.
Running: C:/Xilinx/Vivado/2024.1/bin/unwrapped/win64.o/xelab.exe --incr --debug typical --relax --mt 2 -L xil_defaultlib -L uvm -L unisims_ver -L unimacro_ver -L secureip --snapshot ALU_tb_behav xil_defaultlib.ALU_tb xil_defaultlib.glbl -log elaborate.log 
Using 2 slave threads.
Starting static elaboration
Pass Through NonSizing Optimizer
WARNING: [VRFC 10-3597] non-void function 'randomize' called as a task without void casting [C:/Users/Luis Alfredo/Documents/GitHub/ALUv/Vivado/ALUv.srcs/sim_1/new/ALU_tb.sv:201]
WARNING: [VRFC 10-3597] non-void function 'randomize' called as a task without void casting [C:/Users/Luis Alfredo/Documents/GitHub/ALUv/Vivado/ALUv.srcs/sim_1/new/ALU_tb.sv:202]
WARNING: [VRFC 10-3597] non-void function 'a_zero_b_op_random' called as a task without void casting [C:/Users/Luis Alfredo/Documents/GitHub/ALUv/Vivado/ALUv.srcs/sim_1/new/ALU_tb.sv:134]
WARNING: [VRFC 10-3597] non-void function 'randomize' called as a task without void casting [C:/Users/Luis Alfredo/Documents/GitHub/ALUv/Vivado/ALUv.srcs/sim_1/new/ALU_tb.sv:205]
WARNING: [VRFC 10-3597] non-void function 'randomize' called as a task without void casting [C:/Users/Luis Alfredo/Documents/GitHub/ALUv/Vivado/ALUv.srcs/sim_1/new/ALU_tb.sv:207]
WARNING: [VRFC 10-3597] non-void function 'b_zero_a_op_random' called as a task without void casting [C:/Users/Luis Alfredo/Documents/GitHub/ALUv/Vivado/ALUv.srcs/sim_1/new/ALU_tb.sv:139]
Completed static elaboration
Starting simulation data flow analysis
Completed simulation data flow analysis
Time Resolution for simulation is 1ps
Compiling package std.std
Compiling module xil_defaultlib.ALU_intf_default
Compiling module xil_defaultlib.adder_default
Compiling module xil_defaultlib.substractor_default
Compiling module xil_defaultlib.bitwise_and_default
Compiling module xil_defaultlib.bitwise_or_default
Compiling module xil_defaultlib.bitwise_xor_default
Compiling module xil_defaultlib.comparator
Compiling module xil_defaultlib.left_shift_default
Compiling module xil_defaultlib.right_shift_default
Compiling module xil_defaultlib.multiplicator_default
Compiling module xil_defaultlib.division_default
Compiling module xil_defaultlib.ALU_default
Compiling module xil_defaultlib.ALU_tb
Compiling module xil_defaultlib.glbl
Built simulation snapshot ALU_tb_behav
