
*** Running vivado
    with args -log ALU.vds -m64 -product Vivado -mode batch -messageDb vivado.pb -notrace -source ALU.tcl



****** Vivado v2024.1 (64-bit)
  **** SW Build 5076996 on Wed May 22 18:37:14 MDT 2024
  **** IP Build 5075265 on Wed May 22 21:45:21 MDT 2024
  **** SharedData Build 5076995 on Wed May 22 18:29:18 MDT 2024
  **** Start of session at: Sat Nov 23 22:41:21 2024
    ** Copyright 1986-2022 Xilinx, Inc. All Rights Reserved.
    ** Copyright 2022-2024 Advanced Micro Devices, Inc. All Rights Reserved.

source ALU.tcl -notrace
create_project: Time (s): cpu = 00:00:05 ; elapsed = 00:00:05 . Memory (MB): peak = 515.453 ; gain = 202.801
Command: read_checkpoint -auto_incremental -incremental C:/Users/jesue/Documents/Cinvestav/DisenoDigital/ALUv/ALUv.srcs/utils_1/imports/synth_1/ALU.dcp
INFO: [Vivado 12-5825] Read reference checkpoint from C:/Users/jesue/Documents/Cinvestav/DisenoDigital/ALUv/ALUv.srcs/utils_1/imports/synth_1/ALU.dcp for incremental synthesis
INFO: [Vivado 12-7989] Please ensure there are no constraint changes
Command: synth_design -top ALU -part xc7z010clg400-1
Starting synth_design
Attempting to get a license for feature 'Synthesis' and/or device 'xc7z010'
INFO: [Common 17-349] Got license for feature 'Synthesis' and/or device 'xc7z010'
INFO: [Designutils 20-5440] No compile time benefit to using incremental synthesis; A full resynthesis will be run
INFO: [Designutils 20-4379] Flow is switching to default flow due to incremental criteria not met. If you would like to alter this behaviour and have the flow terminate instead, please set the following parameter config_implementation {autoIncr.Synth.RejectBehavior Terminate}
INFO: [Synth 8-7079] Multithreading enabled for synth_design using a maximum of 2 processes.
INFO: [Synth 8-7078] Launching helper process for spawning children vivado processes
INFO: [Synth 8-7075] Helper process launched with PID 11952
---------------------------------------------------------------------------------
Starting Synthesize : Time (s): cpu = 00:00:04 ; elapsed = 00:00:05 . Memory (MB): peak = 975.617 ; gain = 449.613
---------------------------------------------------------------------------------
WARNING: [Synth 8-11065] parameter 'OUT_WIDTH' becomes localparam in 'ALU' with formal parameter declaration list [C:/Users/jesue/Documents/Cinvestav/DisenoDigital/ALUv/ALUv.srcs/sources_1/new/ALU.sv:112]
INFO: [Synth 8-6157] synthesizing module 'ALU' [C:/Users/jesue/Documents/Cinvestav/DisenoDigital/ALUv/ALUv.srcs/sources_1/new/ALU.sv:106]
INFO: [Synth 8-6157] synthesizing module 'adder' [C:/Users/jesue/Documents/Cinvestav/DisenoDigital/ALUv/ALUv.srcs/sources_1/new/ALU.sv:23]
	Parameter IN_WIDTH bound to: 8 - type: integer 
INFO: [Synth 8-6155] done synthesizing module 'adder' (0#1) [C:/Users/jesue/Documents/Cinvestav/DisenoDigital/ALUv/ALUv.srcs/sources_1/new/ALU.sv:23]
INFO: [Synth 8-6157] synthesizing module 'substractor' [C:/Users/jesue/Documents/Cinvestav/DisenoDigital/ALUv/ALUv.srcs/sources_1/new/ALU.sv:31]
	Parameter IN_WIDTH bound to: 8 - type: integer 
INFO: [Synth 8-6155] done synthesizing module 'substractor' (0#1) [C:/Users/jesue/Documents/Cinvestav/DisenoDigital/ALUv/ALUv.srcs/sources_1/new/ALU.sv:31]
INFO: [Synth 8-6157] synthesizing module 'bitwise_and' [C:/Users/jesue/Documents/Cinvestav/DisenoDigital/ALUv/ALUv.srcs/sources_1/new/ALU.sv:39]
	Parameter IN_WIDTH bound to: 8 - type: integer 
INFO: [Synth 8-6155] done synthesizing module 'bitwise_and' (0#1) [C:/Users/jesue/Documents/Cinvestav/DisenoDigital/ALUv/ALUv.srcs/sources_1/new/ALU.sv:39]
INFO: [Synth 8-6157] synthesizing module 'bitwise_or' [C:/Users/jesue/Documents/Cinvestav/DisenoDigital/ALUv/ALUv.srcs/sources_1/new/ALU.sv:47]
	Parameter IN_WIDTH bound to: 8 - type: integer 
INFO: [Synth 8-6155] done synthesizing module 'bitwise_or' (0#1) [C:/Users/jesue/Documents/Cinvestav/DisenoDigital/ALUv/ALUv.srcs/sources_1/new/ALU.sv:47]
INFO: [Synth 8-6157] synthesizing module 'bitwise_xor' [C:/Users/jesue/Documents/Cinvestav/DisenoDigital/ALUv/ALUv.srcs/sources_1/new/ALU.sv:55]
	Parameter IN_WIDTH bound to: 8 - type: integer 
INFO: [Synth 8-6155] done synthesizing module 'bitwise_xor' (0#1) [C:/Users/jesue/Documents/Cinvestav/DisenoDigital/ALUv/ALUv.srcs/sources_1/new/ALU.sv:55]
INFO: [Synth 8-6157] synthesizing module 'comparator' [C:/Users/jesue/Documents/Cinvestav/DisenoDigital/ALUv/ALUv.srcs/sources_1/new/ALU.sv:63]
	Parameter IN_WIDTH bound to: 8 - type: integer 
INFO: [Synth 8-6155] done synthesizing module 'comparator' (0#1) [C:/Users/jesue/Documents/Cinvestav/DisenoDigital/ALUv/ALUv.srcs/sources_1/new/ALU.sv:63]
INFO: [Synth 8-6157] synthesizing module 'left_shift' [C:/Users/jesue/Documents/Cinvestav/DisenoDigital/ALUv/ALUv.srcs/sources_1/new/ALU.sv:73]
	Parameter IN_WIDTH bound to: 8 - type: integer 
INFO: [Synth 8-6155] done synthesizing module 'left_shift' (0#1) [C:/Users/jesue/Documents/Cinvestav/DisenoDigital/ALUv/ALUv.srcs/sources_1/new/ALU.sv:73]
INFO: [Synth 8-6157] synthesizing module 'right_shift' [C:/Users/jesue/Documents/Cinvestav/DisenoDigital/ALUv/ALUv.srcs/sources_1/new/ALU.sv:81]
	Parameter IN_WIDTH bound to: 8 - type: integer 
INFO: [Synth 8-6155] done synthesizing module 'right_shift' (0#1) [C:/Users/jesue/Documents/Cinvestav/DisenoDigital/ALUv/ALUv.srcs/sources_1/new/ALU.sv:81]
INFO: [Synth 8-6157] synthesizing module 'multiplicator' [C:/Users/jesue/Documents/Cinvestav/DisenoDigital/ALUv/ALUv.srcs/sources_1/new/ALU.sv:89]
	Parameter IN_WIDTH bound to: 8 - type: integer 
INFO: [Synth 8-6155] done synthesizing module 'multiplicator' (0#1) [C:/Users/jesue/Documents/Cinvestav/DisenoDigital/ALUv/ALUv.srcs/sources_1/new/ALU.sv:89]
INFO: [Synth 8-6157] synthesizing module 'division' [C:/Users/jesue/Documents/Cinvestav/DisenoDigital/ALUv/ALUv.srcs/sources_1/new/ALU.sv:97]
	Parameter IN_WIDTH bound to: 8 - type: integer 
INFO: [Synth 8-6155] done synthesizing module 'division' (0#1) [C:/Users/jesue/Documents/Cinvestav/DisenoDigital/ALUv/ALUv.srcs/sources_1/new/ALU.sv:97]
INFO: [Synth 8-6155] done synthesizing module 'ALU' (0#1) [C:/Users/jesue/Documents/Cinvestav/DisenoDigital/ALUv/ALUv.srcs/sources_1/new/ALU.sv:106]
---------------------------------------------------------------------------------
Finished Synthesize : Time (s): cpu = 00:00:05 ; elapsed = 00:00:06 . Memory (MB): peak = 1084.891 ; gain = 558.887
---------------------------------------------------------------------------------
---------------------------------------------------------------------------------
Finished Constraint Validation : Time (s): cpu = 00:00:06 ; elapsed = 00:00:07 . Memory (MB): peak = 1084.891 ; gain = 558.887
---------------------------------------------------------------------------------
---------------------------------------------------------------------------------
Start Loading Part and Timing Information
---------------------------------------------------------------------------------
Loading part: xc7z010clg400-1
---------------------------------------------------------------------------------
Finished Loading Part and Timing Information : Time (s): cpu = 00:00:06 ; elapsed = 00:00:07 . Memory (MB): peak = 1084.891 ; gain = 558.887
---------------------------------------------------------------------------------
INFO: [Device 21-403] Loading part xc7z010clg400-1
---------------------------------------------------------------------------------
Finished RTL Optimization Phase 2 : Time (s): cpu = 00:00:06 ; elapsed = 00:00:07 . Memory (MB): peak = 1084.891 ; gain = 558.887
---------------------------------------------------------------------------------
No constraint files found.
---------------------------------------------------------------------------------
Start RTL Component Statistics 
---------------------------------------------------------------------------------
Detailed RTL Component Info : 
+---Adders : 
	   3 Input   16 Bit       Adders := 1     
	   2 Input    9 Bit       Adders := 1     
+---XORs : 
	   2 Input     16 Bit         XORs := 1     
---------------------------------------------------------------------------------
Finished RTL Component Statistics 
---------------------------------------------------------------------------------
---------------------------------------------------------------------------------
Start Part Resource Summary
---------------------------------------------------------------------------------
INFO: [Device 21-9227] Part: xc7z010clg400-1 does not have CEAM library.
Part Resources:
DSPs: 80 (col length:40)
BRAMs: 120 (col length: RAMB18 40 RAMB36 20)
---------------------------------------------------------------------------------
Finished Part Resource Summary
---------------------------------------------------------------------------------
No constraint files found.
---------------------------------------------------------------------------------
Start Cross Boundary and Area Optimization
---------------------------------------------------------------------------------
WARNING: [Synth 8-7080] Parallel synthesis criteria is not met
---------------------------------------------------------------------------------
Finished Cross Boundary and Area Optimization : Time (s): cpu = 00:00:11 ; elapsed = 00:00:12 . Memory (MB): peak = 1277.949 ; gain = 751.945
---------------------------------------------------------------------------------
No constraint files found.
---------------------------------------------------------------------------------
Start Timing Optimization
---------------------------------------------------------------------------------
---------------------------------------------------------------------------------
Finished Timing Optimization : Time (s): cpu = 00:00:11 ; elapsed = 00:00:12 . Memory (MB): peak = 1277.949 ; gain = 751.945
---------------------------------------------------------------------------------
---------------------------------------------------------------------------------
Start Technology Mapping
---------------------------------------------------------------------------------
---------------------------------------------------------------------------------
Finished Technology Mapping : Time (s): cpu = 00:00:11 ; elapsed = 00:00:12 . Memory (MB): peak = 1277.949 ; gain = 751.945
---------------------------------------------------------------------------------
---------------------------------------------------------------------------------
Start IO Insertion
---------------------------------------------------------------------------------
---------------------------------------------------------------------------------
Start Flattening Before IO Insertion
---------------------------------------------------------------------------------
---------------------------------------------------------------------------------
Finished Flattening Before IO Insertion
---------------------------------------------------------------------------------
---------------------------------------------------------------------------------
Start Final Netlist Cleanup
---------------------------------------------------------------------------------
---------------------------------------------------------------------------------
Finished Final Netlist Cleanup
---------------------------------------------------------------------------------
---------------------------------------------------------------------------------
Finished IO Insertion : Time (s): cpu = 00:00:15 ; elapsed = 00:00:16 . Memory (MB): peak = 1277.949 ; gain = 751.945
---------------------------------------------------------------------------------
---------------------------------------------------------------------------------
Start Renaming Generated Instances
---------------------------------------------------------------------------------
---------------------------------------------------------------------------------
Finished Renaming Generated Instances : Time (s): cpu = 00:00:15 ; elapsed = 00:00:16 . Memory (MB): peak = 1277.949 ; gain = 751.945
---------------------------------------------------------------------------------
---------------------------------------------------------------------------------
Start Rebuilding User Hierarchy
---------------------------------------------------------------------------------
---------------------------------------------------------------------------------
Finished Rebuilding User Hierarchy : Time (s): cpu = 00:00:15 ; elapsed = 00:00:16 . Memory (MB): peak = 1277.949 ; gain = 751.945
---------------------------------------------------------------------------------
---------------------------------------------------------------------------------
Start Renaming Generated Ports
---------------------------------------------------------------------------------
---------------------------------------------------------------------------------
Finished Renaming Generated Ports : Time (s): cpu = 00:00:15 ; elapsed = 00:00:16 . Memory (MB): peak = 1277.949 ; gain = 751.945
---------------------------------------------------------------------------------
---------------------------------------------------------------------------------
Start Handling Custom Attributes
---------------------------------------------------------------------------------
---------------------------------------------------------------------------------
Finished Handling Custom Attributes : Time (s): cpu = 00:00:15 ; elapsed = 00:00:16 . Memory (MB): peak = 1277.949 ; gain = 751.945
---------------------------------------------------------------------------------
---------------------------------------------------------------------------------
Start Renaming Generated Nets
---------------------------------------------------------------------------------
---------------------------------------------------------------------------------
Finished Renaming Generated Nets : Time (s): cpu = 00:00:15 ; elapsed = 00:00:16 . Memory (MB): peak = 1277.949 ; gain = 751.945
---------------------------------------------------------------------------------
---------------------------------------------------------------------------------
Start Writing Synthesis Report
---------------------------------------------------------------------------------

Report BlackBoxes: 
+-+--------------+----------+
| |BlackBox name |Instances |
+-+--------------+----------+
+-+--------------+----------+

Report Cell Usage: 
+------+-------+------+
|      |Cell   |Count |
+------+-------+------+
|1     |CARRY4 |    39|
|2     |LUT2   |    50|
|3     |LUT3   |    64|
|4     |LUT4   |    49|
|5     |LUT5   |    33|
|6     |LUT6   |   111|
|7     |IBUF   |    20|
|8     |OBUF   |    19|
+------+-------+------+

Report Instance Areas: 
+------+------------------+--------------+------+
|      |Instance          |Module        |Cells |
+------+------------------+--------------+------+
|1     |top               |              |   385|
|2     |  u_adder         |adder         |    18|
|3     |  u_comparator    |comparator    |    20|
|4     |  u_division      |division      |   143|
|5     |  u_multiplicator |multiplicator |   140|
|6     |  u_substractor   |substractor   |    19|
+------+------------------+--------------+------+
---------------------------------------------------------------------------------
Finished Writing Synthesis Report : Time (s): cpu = 00:00:15 ; elapsed = 00:00:16 . Memory (MB): peak = 1277.949 ; gain = 751.945
---------------------------------------------------------------------------------
Synthesis finished with 0 errors, 0 critical warnings and 2 warnings.
Synthesis Optimization Runtime : Time (s): cpu = 00:00:15 ; elapsed = 00:00:16 . Memory (MB): peak = 1277.949 ; gain = 751.945
Synthesis Optimization Complete : Time (s): cpu = 00:00:15 ; elapsed = 00:00:16 . Memory (MB): peak = 1277.949 ; gain = 751.945
INFO: [Project 1-571] Translating synthesized netlist
Netlist sorting complete. Time (s): cpu = 00:00:00 ; elapsed = 00:00:00.005 . Memory (MB): peak = 1284.750 ; gain = 0.000
INFO: [Netlist 29-17] Analyzing 39 Unisim elements for replacement
INFO: [Netlist 29-28] Unisim Transformation completed in 0 CPU seconds
INFO: [Project 1-570] Preparing netlist for logic optimization
INFO: [Opt 31-138] Pushed 0 inverter(s) to 0 load pin(s).
Netlist sorting complete. Time (s): cpu = 00:00:00 ; elapsed = 00:00:00 . Memory (MB): peak = 1385.102 ; gain = 0.000
INFO: [Project 1-111] Unisim Transformation Summary:
No Unisim elements were transformed.

Synth Design complete | Checksum: 9e6d005e
INFO: [Common 17-83] Releasing license: Synthesis
39 Infos, 2 Warnings, 0 Critical Warnings and 0 Errors encountered.
synth_design completed successfully
synth_design: Time (s): cpu = 00:00:17 ; elapsed = 00:00:18 . Memory (MB): peak = 1385.102 ; gain = 865.426
Write ShapeDB Complete: Time (s): cpu = 00:00:00 ; elapsed = 00:00:00.003 . Memory (MB): peak = 1385.102 ; gain = 0.000
INFO: [Common 17-1381] The checkpoint 'C:/Users/jesue/Documents/Cinvestav/DisenoDigital/ALUv/ALUv.runs/synth_1/ALU.dcp' has been generated.
INFO: [Vivado 12-24828] Executing command : report_utilization -file ALU_utilization_synth.rpt -pb ALU_utilization_synth.pb
INFO: [Common 17-206] Exiting Vivado at Sat Nov 23 22:41:47 2024...
