Copyright 1986-2022 Xilinx, Inc. All Rights Reserved. Copyright 2022-2024 Advanced Micro Devices, Inc. All Rights Reserved.
------------------------------------------------------------------------------------------------------------------------------------------------------------------------------------------------------
| Tool Version : Vivado v.2024.1 (win64) Build 5076996 Wed May 22 18:37:14 MDT 2024
| Date         : Sat Nov 23 22:42:44 2024
| Host         : ChutsE_PC running 64-bit major release  (build 9200)
| Command      : report_timing_summary -max_paths 10 -report_unconstrained -file ALU_timing_summary_routed.rpt -pb ALU_timing_summary_routed.pb -rpx ALU_timing_summary_routed.rpx -warn_on_violation
| Design       : ALU
| Device       : 7z010-clg400
| Speed File   : -1  PRODUCTION 1.12 2019-11-22
| Design State : Routed
------------------------------------------------------------------------------------------------------------------------------------------------------------------------------------------------------

Timing Summary Report

------------------------------------------------------------------------------------------------
| Timer Settings
| --------------
------------------------------------------------------------------------------------------------

  Enable Multi Corner Analysis               :  Yes
  Enable Pessimism Removal                   :  Yes
  Pessimism Removal Resolution               :  Nearest Common Node
  Enable Input Delay Default Clock           :  No
  Enable Preset / Clear Arcs                 :  No
  Disable Flight Delays                      :  No
  Ignore I/O Paths                           :  No
  Timing Early Launch at Borrowing Latches   :  No
  Borrow Time for Max Delay Exceptions       :  Yes
  Merge Timing Exceptions                    :  Yes
  Inter-SLR Compensation                     :  Conservative

  Corner  Analyze    Analyze    
  Name    Max Paths  Min Paths  
  ------  ---------  ---------  
  Slow    Yes        Yes        
  Fast    Yes        Yes        


------------------------------------------------------------------------------------------------
| Report Methodology
| ------------------
------------------------------------------------------------------------------------------------

No report available as report_methodology has not been run prior. Run report_methodology on the current design for the summary of methodology violations.



check_timing report

Table of Contents
-----------------
1. checking no_clock (0)
2. checking constant_clock (0)
3. checking pulse_width_clock (0)
4. checking unconstrained_internal_endpoints (0)
5. checking no_input_delay (0)
6. checking no_output_delay (0)
7. checking multiple_clock (0)
8. checking generated_clocks (0)
9. checking loops (0)
10. checking partial_input_delay (0)
11. checking partial_output_delay (0)
12. checking latch_loops (0)

1. checking no_clock (0)
------------------------
 There are 0 register/latch pins with no clock.


2. checking constant_clock (0)
------------------------------
 There are 0 register/latch pins with constant_clock.


3. checking pulse_width_clock (0)
---------------------------------
 There are 0 register/latch pins which need pulse_width check


4. checking unconstrained_internal_endpoints (0)
------------------------------------------------
 There are 0 pins that are not constrained for maximum delay.

 There are 0 pins that are not constrained for maximum delay due to constant clock.


5. checking no_input_delay (0)
------------------------------
 There are 0 input ports with no input delay specified.

 There are 0 input ports with no input delay but user has a false path constraint.


6. checking no_output_delay (0)
-------------------------------
 There are 0 ports with no output delay specified.

 There are 0 ports with no output delay but user has a false path constraint

 There are 0 ports with no output delay but with a timing clock defined on it or propagating through it


7. checking multiple_clock (0)
------------------------------
 There are 0 register/latch pins with multiple clocks.


8. checking generated_clocks (0)
--------------------------------
 There are 0 generated clocks that are not connected to a clock source.


9. checking loops (0)
---------------------
 There are 0 combinational loops in the design.


10. checking partial_input_delay (0)
------------------------------------
 There are 0 input ports with partial input delay specified.


11. checking partial_output_delay (0)
-------------------------------------
 There are 0 ports with partial output delay specified.


12. checking latch_loops (0)
----------------------------
 There are 0 combinational latch loops in the design through latch input



------------------------------------------------------------------------------------------------
| Design Timing Summary
| ---------------------
------------------------------------------------------------------------------------------------

    WNS(ns)      TNS(ns)  TNS Failing Endpoints  TNS Total Endpoints      WHS(ns)      THS(ns)  THS Failing Endpoints  THS Total Endpoints     WPWS(ns)     TPWS(ns)  TPWS Failing Endpoints  TPWS Total Endpoints  
    -------      -------  ---------------------  -------------------      -------      -------  ---------------------  -------------------     --------     --------  ----------------------  --------------------  
        inf        0.000                      0                   19          inf        0.000                      0                   19           NA           NA                      NA                    NA  


There are no user specified timing constraints.


------------------------------------------------------------------------------------------------
| Clock Summary
| -------------
------------------------------------------------------------------------------------------------


------------------------------------------------------------------------------------------------
| Intra Clock Table
| -----------------
------------------------------------------------------------------------------------------------

Clock             WNS(ns)      TNS(ns)  TNS Failing Endpoints  TNS Total Endpoints      WHS(ns)      THS(ns)  THS Failing Endpoints  THS Total Endpoints     WPWS(ns)     TPWS(ns)  TPWS Failing Endpoints  TPWS Total Endpoints  
-----             -------      -------  ---------------------  -------------------      -------      -------  ---------------------  -------------------     --------     --------  ----------------------  --------------------  


------------------------------------------------------------------------------------------------
| Inter Clock Table
| -----------------
------------------------------------------------------------------------------------------------

From Clock    To Clock          WNS(ns)      TNS(ns)  TNS Failing Endpoints  TNS Total Endpoints      WHS(ns)      THS(ns)  THS Failing Endpoints  THS Total Endpoints  
----------    --------          -------      -------  ---------------------  -------------------      -------      -------  ---------------------  -------------------  


------------------------------------------------------------------------------------------------
| Other Path Groups Table
| -----------------------
------------------------------------------------------------------------------------------------

Path Group    From Clock    To Clock          WNS(ns)      TNS(ns)  TNS Failing Endpoints  TNS Total Endpoints      WHS(ns)      THS(ns)  THS Failing Endpoints  THS Total Endpoints  
----------    ----------    --------          -------      -------  ---------------------  -------------------      -------      -------  ---------------------  -------------------  


------------------------------------------------------------------------------------------------
| User Ignored Path Table
| -----------------------
------------------------------------------------------------------------------------------------

Path Group    From Clock    To Clock    
----------    ----------    --------    


------------------------------------------------------------------------------------------------
| Unconstrained Path Table
| ------------------------
------------------------------------------------------------------------------------------------

Path Group    From Clock    To Clock    
----------    ----------    --------    
(none)                                    


------------------------------------------------------------------------------------------------
| Timing Details
| --------------
------------------------------------------------------------------------------------------------


--------------------------------------------------------------------------------------
Path Group:  (none)
From Clock:  
  To Clock:  

Max Delay            19 Endpoints
Min Delay            19 Endpoints
--------------------------------------------------------------------------------------


Max Delay Paths
--------------------------------------------------------------------------------------
Slack:                    inf
  Source:                 b[5]
                            (input port)
  Destination:            result[0]
                            (output port)
  Path Group:             (none)
  Path Type:              Max at Slow Process Corner
  Data Path Delay:        28.003ns  (logic 11.915ns (42.550%)  route 16.088ns (57.450%))
  Logic Levels:           30  (CARRY4=18 IBUF=1 LUT2=1 LUT3=5 LUT4=1 LUT5=1 LUT6=2 OBUF=1)

    Location             Delay type                Incr(ns)  Path(ns)    Netlist Resource(s)
  -------------------------------------------------------------------    -------------------
    W16                                               0.000     0.000 r  b[5] (IN)
                         net (fo=0)                   0.000     0.000    b[5]
    W16                  IBUF (Prop_ibuf_I_O)         0.961     0.961 r  b_IBUF[5]_inst/O
                         net (fo=40, routed)          3.506     4.467    u_division/b_IBUF[5]
    SLICE_X33Y26         LUT4 (Prop_lut4_I1_O)        0.124     4.591 r  u_division/division__7_carry_i_9/O
                         net (fo=28, routed)          0.942     5.534    u_division/b[6]_0
    SLICE_X38Y26         LUT6 (Prop_lut6_I4_O)        0.124     5.658 r  u_division/division__7_carry_i_10/O
                         net (fo=6, routed)           0.807     6.465    u_division/b[1]
    SLICE_X38Y27         LUT2 (Prop_lut2_I1_O)        0.153     6.618 r  u_division/division__7_carry__0_i_3/O
                         net (fo=1, routed)           0.659     7.277    u_division/division__7_carry__0_i_3_n_0
    SLICE_X37Y27         CARRY4 (Prop_carry4_DI[1]_CO[3])
                                                      0.714     7.991 r  u_division/division__7_carry__0/CO[3]
                         net (fo=1, routed)           0.000     7.991    u_division/division__7_carry__0_n_0
    SLICE_X37Y28         CARRY4 (Prop_carry4_CI_CO[0])
                                                      0.271     8.262 r  u_division/division__7_carry__1/CO[0]
                         net (fo=12, routed)          1.179     9.440    u_division/division__7_carry__1_n_3
    SLICE_X36Y25         LUT3 (Prop_lut3_I0_O)        0.373     9.813 r  u_division/result_OBUF[5]_inst_i_20/O
                         net (fo=1, routed)           0.000     9.813    u_division/result_OBUF[5]_inst_i_20_n_0
    SLICE_X36Y25         CARRY4 (Prop_carry4_S[1]_CO[3])
                                                      0.550    10.363 r  u_division/result_OBUF[5]_inst_i_13/CO[3]
                         net (fo=1, routed)           0.000    10.363    u_division/result_OBUF[5]_inst_i_13_n_0
    SLICE_X36Y26         CARRY4 (Prop_carry4_CI_CO[3])
                                                      0.114    10.477 r  u_division/result_OBUF[5]_inst_i_9/CO[3]
                         net (fo=1, routed)           0.000    10.477    u_division/result_OBUF[5]_inst_i_9_n_0
    SLICE_X36Y27         CARRY4 (Prop_carry4_CI_CO[1])
                                                      0.157    10.634 r  u_division/result_OBUF[5]_inst_i_6/CO[1]
                         net (fo=12, routed)          1.500    12.134    u_division/result_OBUF[5]_inst_i_6_n_2
    SLICE_X37Y23         LUT3 (Prop_lut3_I0_O)        0.329    12.463 r  u_division/division__211_carry_i_34/O
                         net (fo=1, routed)           0.000    12.463    u_division/division__211_carry_i_34_n_0
    SLICE_X37Y23         CARRY4 (Prop_carry4_S[3]_CO[3])
                                                      0.401    12.864 r  u_division/division__211_carry_i_26/CO[3]
                         net (fo=1, routed)           0.000    12.864    u_division/division__211_carry_i_26_n_0
    SLICE_X37Y24         CARRY4 (Prop_carry4_CI_CO[3])
                                                      0.114    12.978 r  u_division/result_OBUF[4]_inst_i_10/CO[3]
                         net (fo=1, routed)           0.009    12.987    u_division/result_OBUF[4]_inst_i_10_n_0
    SLICE_X37Y25         CARRY4 (Prop_carry4_CI_CO[1])
                                                      0.157    13.144 r  u_division/result_OBUF[4]_inst_i_6/CO[1]
                         net (fo=12, routed)          0.954    14.098    u_division/result_OBUF[4]_inst_i_6_n_2
    SLICE_X38Y23         CARRY4 (Prop_carry4_CYINIT_CO[3])
                                                      0.800    14.898 r  u_division/division__211_carry_i_18/CO[3]
                         net (fo=1, routed)           0.000    14.898    u_division/division__211_carry_i_18_n_0
    SLICE_X38Y24         CARRY4 (Prop_carry4_CI_CO[3])
                                                      0.117    15.015 r  u_division/division__211_carry_i_15/CO[3]
                         net (fo=1, routed)           0.009    15.024    u_division/division__211_carry_i_15_n_0
    SLICE_X38Y25         CARRY4 (Prop_carry4_CI_CO[1])
                                                      0.157    15.181 r  u_division/result_OBUF[3]_inst_i_6/CO[1]
                         net (fo=12, routed)          1.393    16.575    u_division/result_OBUF[3]_inst_i_6_n_2
    SLICE_X40Y22         LUT3 (Prop_lut3_I0_O)        0.332    16.907 r  u_division/division__211_carry_i_23/O
                         net (fo=1, routed)           0.000    16.907    u_division/division__211_carry_i_23_n_0
    SLICE_X40Y22         CARRY4 (Prop_carry4_S[3]_CO[3])
                                                      0.401    17.308 r  u_division/division__211_carry_i_11/CO[3]
                         net (fo=1, routed)           0.000    17.308    u_division/division__211_carry_i_11_n_0
    SLICE_X40Y23         CARRY4 (Prop_carry4_CI_CO[3])
                                                      0.114    17.422 r  u_division/division__211_carry_i_8/CO[3]
                         net (fo=1, routed)           0.000    17.422    u_division/division__211_carry_i_8_n_0
    SLICE_X40Y24         CARRY4 (Prop_carry4_CI_CO[1])
                                                      0.157    17.579 r  u_division/division__211_carry_i_7/CO[1]
                         net (fo=12, routed)          1.104    18.683    u_division/division__211_carry_i_7_n_2
    SLICE_X41Y23         LUT3 (Prop_lut3_I0_O)        0.329    19.012 r  u_division/division__211_carry__0_i_8/O
                         net (fo=1, routed)           0.000    19.012    u_division/division__211_carry__0_i_8_n_0
    SLICE_X41Y23         CARRY4 (Prop_carry4_S[1]_CO[3])
                                                      0.550    19.562 r  u_division/division__211_carry__0_i_1/CO[3]
                         net (fo=1, routed)           0.000    19.562    u_division/division__211_carry__0_i_1_n_0
    SLICE_X41Y24         CARRY4 (Prop_carry4_CI_CO[1])
                                                      0.157    19.719 r  u_division/division__211_carry_i_1/CO[1]
                         net (fo=12, routed)          1.341    21.059    u_division/division__211_carry_i_1_n_2
    SLICE_X39Y23         LUT3 (Prop_lut3_I0_O)        0.329    21.388 r  u_division/division__211_carry__0_i_5/O
                         net (fo=1, routed)           0.000    21.388    u_division/division__211_carry__0_i_5_n_0
    SLICE_X39Y23         CARRY4 (Prop_carry4_S[0]_CO[3])
                                                      0.532    21.920 r  u_division/division__211_carry__0/CO[3]
                         net (fo=1, routed)           0.000    21.920    u_division/division__211_carry__0_n_0
    SLICE_X39Y24         CARRY4 (Prop_carry4_CI_CO[0])
                                                      0.271    22.191 r  u_division/division__211_carry__1/CO[0]
                         net (fo=1, routed)           0.328    22.519    u_division/division__211_carry__1_n_3
    SLICE_X39Y26         LUT5 (Prop_lut5_I0_O)        0.373    22.892 r  u_division/result_OBUF[0]_inst_i_2/O
                         net (fo=1, routed)           0.598    23.490    u_division/result_OBUF[0]_inst_i_2_n_0
    SLICE_X42Y26         LUT6 (Prop_lut6_I0_O)        0.124    23.614 r  u_division/result_OBUF[0]_inst_i_1/O
                         net (fo=1, routed)           1.759    25.373    result_OBUF[0]
    T20                  OBUF (Prop_obuf_I_O)         2.630    28.003 r  result_OBUF[0]_inst/O
                         net (fo=0)                   0.000    28.003    result[0]
    T20                                                               r  result[0] (OUT)
  -------------------------------------------------------------------    -------------------

Slack:                    inf
  Source:                 b[5]
                            (input port)
  Destination:            result[1]
                            (output port)
  Path Group:             (none)
  Path Type:              Max at Slow Process Corner
  Data Path Delay:        25.868ns  (logic 10.751ns (41.561%)  route 15.117ns (58.439%))
  Logic Levels:           27  (CARRY4=16 IBUF=1 LUT2=1 LUT3=4 LUT4=1 LUT5=2 LUT6=1 OBUF=1)

    Location             Delay type                Incr(ns)  Path(ns)    Netlist Resource(s)
  -------------------------------------------------------------------    -------------------
    W16                                               0.000     0.000 r  b[5] (IN)
                         net (fo=0)                   0.000     0.000    b[5]
    W16                  IBUF (Prop_ibuf_I_O)         0.961     0.961 r  b_IBUF[5]_inst/O
                         net (fo=40, routed)          3.506     4.467    u_division/b_IBUF[5]
    SLICE_X33Y26         LUT4 (Prop_lut4_I1_O)        0.124     4.591 r  u_division/division__7_carry_i_9/O
                         net (fo=28, routed)          0.942     5.534    u_division/b[6]_0
    SLICE_X38Y26         LUT6 (Prop_lut6_I4_O)        0.124     5.658 r  u_division/division__7_carry_i_10/O
                         net (fo=6, routed)           0.807     6.465    u_division/b[1]
    SLICE_X38Y27         LUT2 (Prop_lut2_I1_O)        0.153     6.618 r  u_division/division__7_carry__0_i_3/O
                         net (fo=1, routed)           0.659     7.277    u_division/division__7_carry__0_i_3_n_0
    SLICE_X37Y27         CARRY4 (Prop_carry4_DI[1]_CO[3])
                                                      0.714     7.991 r  u_division/division__7_carry__0/CO[3]
                         net (fo=1, routed)           0.000     7.991    u_division/division__7_carry__0_n_0
    SLICE_X37Y28         CARRY4 (Prop_carry4_CI_CO[0])
                                                      0.271     8.262 r  u_division/division__7_carry__1/CO[0]
                         net (fo=12, routed)          1.179     9.440    u_division/division__7_carry__1_n_3
    SLICE_X36Y25         LUT3 (Prop_lut3_I0_O)        0.373     9.813 r  u_division/result_OBUF[5]_inst_i_20/O
                         net (fo=1, routed)           0.000     9.813    u_division/result_OBUF[5]_inst_i_20_n_0
    SLICE_X36Y25         CARRY4 (Prop_carry4_S[1]_CO[3])
                                                      0.550    10.363 r  u_division/result_OBUF[5]_inst_i_13/CO[3]
                         net (fo=1, routed)           0.000    10.363    u_division/result_OBUF[5]_inst_i_13_n_0
    SLICE_X36Y26         CARRY4 (Prop_carry4_CI_CO[3])
                                                      0.114    10.477 r  u_division/result_OBUF[5]_inst_i_9/CO[3]
                         net (fo=1, routed)           0.000    10.477    u_division/result_OBUF[5]_inst_i_9_n_0
    SLICE_X36Y27         CARRY4 (Prop_carry4_CI_CO[1])
                                                      0.157    10.634 r  u_division/result_OBUF[5]_inst_i_6/CO[1]
                         net (fo=12, routed)          1.500    12.134    u_division/result_OBUF[5]_inst_i_6_n_2
    SLICE_X37Y23         LUT3 (Prop_lut3_I0_O)        0.329    12.463 r  u_division/division__211_carry_i_34/O
                         net (fo=1, routed)           0.000    12.463    u_division/division__211_carry_i_34_n_0
    SLICE_X37Y23         CARRY4 (Prop_carry4_S[3]_CO[3])
                                                      0.401    12.864 r  u_division/division__211_carry_i_26/CO[3]
                         net (fo=1, routed)           0.000    12.864    u_division/division__211_carry_i_26_n_0
    SLICE_X37Y24         CARRY4 (Prop_carry4_CI_CO[3])
                                                      0.114    12.978 r  u_division/result_OBUF[4]_inst_i_10/CO[3]
                         net (fo=1, routed)           0.009    12.987    u_division/result_OBUF[4]_inst_i_10_n_0
    SLICE_X37Y25         CARRY4 (Prop_carry4_CI_CO[1])
                                                      0.157    13.144 r  u_division/result_OBUF[4]_inst_i_6/CO[1]
                         net (fo=12, routed)          0.954    14.098    u_division/result_OBUF[4]_inst_i_6_n_2
    SLICE_X38Y23         CARRY4 (Prop_carry4_CYINIT_CO[3])
                                                      0.800    14.898 r  u_division/division__211_carry_i_18/CO[3]
                         net (fo=1, routed)           0.000    14.898    u_division/division__211_carry_i_18_n_0
    SLICE_X38Y24         CARRY4 (Prop_carry4_CI_CO[3])
                                                      0.117    15.015 r  u_division/division__211_carry_i_15/CO[3]
                         net (fo=1, routed)           0.009    15.024    u_division/division__211_carry_i_15_n_0
    SLICE_X38Y25         CARRY4 (Prop_carry4_CI_CO[1])
                                                      0.157    15.181 r  u_division/result_OBUF[3]_inst_i_6/CO[1]
                         net (fo=12, routed)          1.393    16.575    u_division/result_OBUF[3]_inst_i_6_n_2
    SLICE_X40Y22         LUT3 (Prop_lut3_I0_O)        0.332    16.907 r  u_division/division__211_carry_i_23/O
                         net (fo=1, routed)           0.000    16.907    u_division/division__211_carry_i_23_n_0
    SLICE_X40Y22         CARRY4 (Prop_carry4_S[3]_CO[3])
                                                      0.401    17.308 r  u_division/division__211_carry_i_11/CO[3]
                         net (fo=1, routed)           0.000    17.308    u_division/division__211_carry_i_11_n_0
    SLICE_X40Y23         CARRY4 (Prop_carry4_CI_CO[3])
                                                      0.114    17.422 r  u_division/division__211_carry_i_8/CO[3]
                         net (fo=1, routed)           0.000    17.422    u_division/division__211_carry_i_8_n_0
    SLICE_X40Y24         CARRY4 (Prop_carry4_CI_CO[1])
                                                      0.157    17.579 r  u_division/division__211_carry_i_7/CO[1]
                         net (fo=12, routed)          1.104    18.683    u_division/division__211_carry_i_7_n_2
    SLICE_X41Y23         LUT3 (Prop_lut3_I0_O)        0.329    19.012 r  u_division/division__211_carry__0_i_8/O
                         net (fo=1, routed)           0.000    19.012    u_division/division__211_carry__0_i_8_n_0
    SLICE_X41Y23         CARRY4 (Prop_carry4_S[1]_CO[3])
                                                      0.550    19.562 r  u_division/division__211_carry__0_i_1/CO[3]
                         net (fo=1, routed)           0.000    19.562    u_division/division__211_carry__0_i_1_n_0
    SLICE_X41Y24         CARRY4 (Prop_carry4_CI_CO[1])
                                                      0.157    19.719 r  u_division/division__211_carry_i_1/CO[1]
                         net (fo=12, routed)          0.871    20.590    u_division/division__211_carry_i_1_n_2
    SLICE_X40Y25         LUT5 (Prop_lut5_I0_O)        0.329    20.919 r  u_division/result_OBUF[1]_inst_i_2/O
                         net (fo=1, routed)           0.444    21.363    u_division/result_OBUF[1]_inst_i_2_n_0
    SLICE_X40Y25         LUT5 (Prop_lut5_I0_O)        0.124    21.487 r  u_division/result_OBUF[1]_inst_i_1/O
                         net (fo=1, routed)           1.739    23.226    result_OBUF[1]
    P20                  OBUF (Prop_obuf_I_O)         2.642    25.868 r  result_OBUF[1]_inst/O
                         net (fo=0)                   0.000    25.868    result[1]
    P20                                                               r  result[1] (OUT)
  -------------------------------------------------------------------    -------------------

Slack:                    inf
  Source:                 b[5]
                            (input port)
  Destination:            result[2]
                            (output port)
  Path Group:             (none)
  Path Type:              Max at Slow Process Corner
  Data Path Delay:        23.507ns  (logic 9.715ns (41.328%)  route 13.792ns (58.672%))
  Logic Levels:           24  (CARRY4=14 IBUF=1 LUT2=1 LUT3=3 LUT4=1 LUT5=2 LUT6=1 OBUF=1)

    Location             Delay type                Incr(ns)  Path(ns)    Netlist Resource(s)
  -------------------------------------------------------------------    -------------------
    W16                                               0.000     0.000 r  b[5] (IN)
                         net (fo=0)                   0.000     0.000    b[5]
    W16                  IBUF (Prop_ibuf_I_O)         0.961     0.961 r  b_IBUF[5]_inst/O
                         net (fo=40, routed)          3.506     4.467    u_division/b_IBUF[5]
    SLICE_X33Y26         LUT4 (Prop_lut4_I1_O)        0.124     4.591 r  u_division/division__7_carry_i_9/O
                         net (fo=28, routed)          0.942     5.534    u_division/b[6]_0
    SLICE_X38Y26         LUT6 (Prop_lut6_I4_O)        0.124     5.658 r  u_division/division__7_carry_i_10/O
                         net (fo=6, routed)           0.807     6.465    u_division/b[1]
    SLICE_X38Y27         LUT2 (Prop_lut2_I1_O)        0.153     6.618 r  u_division/division__7_carry__0_i_3/O
                         net (fo=1, routed)           0.659     7.277    u_division/division__7_carry__0_i_3_n_0
    SLICE_X37Y27         CARRY4 (Prop_carry4_DI[1]_CO[3])
                                                      0.714     7.991 r  u_division/division__7_carry__0/CO[3]
                         net (fo=1, routed)           0.000     7.991    u_division/division__7_carry__0_n_0
    SLICE_X37Y28         CARRY4 (Prop_carry4_CI_CO[0])
                                                      0.271     8.262 r  u_division/division__7_carry__1/CO[0]
                         net (fo=12, routed)          1.179     9.440    u_division/division__7_carry__1_n_3
    SLICE_X36Y25         LUT3 (Prop_lut3_I0_O)        0.373     9.813 r  u_division/result_OBUF[5]_inst_i_20/O
                         net (fo=1, routed)           0.000     9.813    u_division/result_OBUF[5]_inst_i_20_n_0
    SLICE_X36Y25         CARRY4 (Prop_carry4_S[1]_CO[3])
                                                      0.550    10.363 r  u_division/result_OBUF[5]_inst_i_13/CO[3]
                         net (fo=1, routed)           0.000    10.363    u_division/result_OBUF[5]_inst_i_13_n_0
    SLICE_X36Y26         CARRY4 (Prop_carry4_CI_CO[3])
                                                      0.114    10.477 r  u_division/result_OBUF[5]_inst_i_9/CO[3]
                         net (fo=1, routed)           0.000    10.477    u_division/result_OBUF[5]_inst_i_9_n_0
    SLICE_X36Y27         CARRY4 (Prop_carry4_CI_CO[1])
                                                      0.157    10.634 r  u_division/result_OBUF[5]_inst_i_6/CO[1]
                         net (fo=12, routed)          1.500    12.134    u_division/result_OBUF[5]_inst_i_6_n_2
    SLICE_X37Y23         LUT3 (Prop_lut3_I0_O)        0.329    12.463 r  u_division/division__211_carry_i_34/O
                         net (fo=1, routed)           0.000    12.463    u_division/division__211_carry_i_34_n_0
    SLICE_X37Y23         CARRY4 (Prop_carry4_S[3]_CO[3])
                                                      0.401    12.864 r  u_division/division__211_carry_i_26/CO[3]
                         net (fo=1, routed)           0.000    12.864    u_division/division__211_carry_i_26_n_0
    SLICE_X37Y24         CARRY4 (Prop_carry4_CI_CO[3])
                                                      0.114    12.978 r  u_division/result_OBUF[4]_inst_i_10/CO[3]
                         net (fo=1, routed)           0.009    12.987    u_division/result_OBUF[4]_inst_i_10_n_0
    SLICE_X37Y25         CARRY4 (Prop_carry4_CI_CO[1])
                                                      0.157    13.144 r  u_division/result_OBUF[4]_inst_i_6/CO[1]
                         net (fo=12, routed)          0.954    14.098    u_division/result_OBUF[4]_inst_i_6_n_2
    SLICE_X38Y23         CARRY4 (Prop_carry4_CYINIT_CO[3])
                                                      0.800    14.898 r  u_division/division__211_carry_i_18/CO[3]
                         net (fo=1, routed)           0.000    14.898    u_division/division__211_carry_i_18_n_0
    SLICE_X38Y24         CARRY4 (Prop_carry4_CI_CO[3])
                                                      0.117    15.015 r  u_division/division__211_carry_i_15/CO[3]
                         net (fo=1, routed)           0.009    15.024    u_division/division__211_carry_i_15_n_0
    SLICE_X38Y25         CARRY4 (Prop_carry4_CI_CO[1])
                                                      0.157    15.181 r  u_division/result_OBUF[3]_inst_i_6/CO[1]
                         net (fo=12, routed)          1.393    16.575    u_division/result_OBUF[3]_inst_i_6_n_2
    SLICE_X40Y22         LUT3 (Prop_lut3_I0_O)        0.332    16.907 r  u_division/division__211_carry_i_23/O
                         net (fo=1, routed)           0.000    16.907    u_division/division__211_carry_i_23_n_0
    SLICE_X40Y22         CARRY4 (Prop_carry4_S[3]_CO[3])
                                                      0.401    17.308 r  u_division/division__211_carry_i_11/CO[3]
                         net (fo=1, routed)           0.000    17.308    u_division/division__211_carry_i_11_n_0
    SLICE_X40Y23         CARRY4 (Prop_carry4_CI_CO[3])
                                                      0.114    17.422 r  u_division/division__211_carry_i_8/CO[3]
                         net (fo=1, routed)           0.000    17.422    u_division/division__211_carry_i_8_n_0
    SLICE_X40Y24         CARRY4 (Prop_carry4_CI_CO[1])
                                                      0.157    17.579 r  u_division/division__211_carry_i_7/CO[1]
                         net (fo=12, routed)          0.656    18.235    u_division/division__211_carry_i_7_n_2
    SLICE_X40Y25         LUT5 (Prop_lut5_I0_O)        0.329    18.564 r  u_division/result_OBUF[2]_inst_i_2/O
                         net (fo=1, routed)           0.280    18.843    u_division/result_OBUF[2]_inst_i_2_n_0
    SLICE_X40Y25         LUT5 (Prop_lut5_I0_O)        0.124    18.967 r  u_division/result_OBUF[2]_inst_i_1/O
                         net (fo=1, routed)           1.897    20.865    result_OBUF[2]
    N20                  OBUF (Prop_obuf_I_O)         2.642    23.507 r  result_OBUF[2]_inst/O
                         net (fo=0)                   0.000    23.507    result[2]
    N20                                                               r  result[2] (OUT)
  -------------------------------------------------------------------    -------------------

Slack:                    inf
  Source:                 b[5]
                            (input port)
  Destination:            result[3]
                            (output port)
  Path Group:             (none)
  Path Type:              Max at Slow Process Corner
  Data Path Delay:        21.278ns  (logic 8.714ns (40.954%)  route 12.564ns (59.046%))
  Logic Levels:           20  (CARRY4=11 IBUF=1 LUT2=1 LUT3=2 LUT4=1 LUT5=1 LUT6=2 OBUF=1)

    Location             Delay type                Incr(ns)  Path(ns)    Netlist Resource(s)
  -------------------------------------------------------------------    -------------------
    W16                                               0.000     0.000 r  b[5] (IN)
                         net (fo=0)                   0.000     0.000    b[5]
    W16                  IBUF (Prop_ibuf_I_O)         0.961     0.961 r  b_IBUF[5]_inst/O
                         net (fo=40, routed)          3.506     4.467    u_division/b_IBUF[5]
    SLICE_X33Y26         LUT4 (Prop_lut4_I1_O)        0.124     4.591 r  u_division/division__7_carry_i_9/O
                         net (fo=28, routed)          0.942     5.534    u_division/b[6]_0
    SLICE_X38Y26         LUT6 (Prop_lut6_I4_O)        0.124     5.658 r  u_division/division__7_carry_i_10/O
                         net (fo=6, routed)           0.807     6.465    u_division/b[1]
    SLICE_X38Y27         LUT2 (Prop_lut2_I1_O)        0.153     6.618 r  u_division/division__7_carry__0_i_3/O
                         net (fo=1, routed)           0.659     7.277    u_division/division__7_carry__0_i_3_n_0
    SLICE_X37Y27         CARRY4 (Prop_carry4_DI[1]_CO[3])
                                                      0.714     7.991 r  u_division/division__7_carry__0/CO[3]
                         net (fo=1, routed)           0.000     7.991    u_division/division__7_carry__0_n_0
    SLICE_X37Y28         CARRY4 (Prop_carry4_CI_CO[0])
                                                      0.271     8.262 r  u_division/division__7_carry__1/CO[0]
                         net (fo=12, routed)          1.179     9.440    u_division/division__7_carry__1_n_3
    SLICE_X36Y25         LUT3 (Prop_lut3_I0_O)        0.373     9.813 r  u_division/result_OBUF[5]_inst_i_20/O
                         net (fo=1, routed)           0.000     9.813    u_division/result_OBUF[5]_inst_i_20_n_0
    SLICE_X36Y25         CARRY4 (Prop_carry4_S[1]_CO[3])
                                                      0.550    10.363 r  u_division/result_OBUF[5]_inst_i_13/CO[3]
                         net (fo=1, routed)           0.000    10.363    u_division/result_OBUF[5]_inst_i_13_n_0
    SLICE_X36Y26         CARRY4 (Prop_carry4_CI_CO[3])
                                                      0.114    10.477 r  u_division/result_OBUF[5]_inst_i_9/CO[3]
                         net (fo=1, routed)           0.000    10.477    u_division/result_OBUF[5]_inst_i_9_n_0
    SLICE_X36Y27         CARRY4 (Prop_carry4_CI_CO[1])
                                                      0.157    10.634 r  u_division/result_OBUF[5]_inst_i_6/CO[1]
                         net (fo=12, routed)          1.500    12.134    u_division/result_OBUF[5]_inst_i_6_n_2
    SLICE_X37Y23         LUT3 (Prop_lut3_I0_O)        0.329    12.463 r  u_division/division__211_carry_i_34/O
                         net (fo=1, routed)           0.000    12.463    u_division/division__211_carry_i_34_n_0
    SLICE_X37Y23         CARRY4 (Prop_carry4_S[3]_CO[3])
                                                      0.401    12.864 r  u_division/division__211_carry_i_26/CO[3]
                         net (fo=1, routed)           0.000    12.864    u_division/division__211_carry_i_26_n_0
    SLICE_X37Y24         CARRY4 (Prop_carry4_CI_CO[3])
                                                      0.114    12.978 r  u_division/result_OBUF[4]_inst_i_10/CO[3]
                         net (fo=1, routed)           0.009    12.987    u_division/result_OBUF[4]_inst_i_10_n_0
    SLICE_X37Y25         CARRY4 (Prop_carry4_CI_CO[1])
                                                      0.157    13.144 r  u_division/result_OBUF[4]_inst_i_6/CO[1]
                         net (fo=12, routed)          0.954    14.098    u_division/result_OBUF[4]_inst_i_6_n_2
    SLICE_X38Y23         CARRY4 (Prop_carry4_CYINIT_CO[3])
                                                      0.800    14.898 r  u_division/division__211_carry_i_18/CO[3]
                         net (fo=1, routed)           0.000    14.898    u_division/division__211_carry_i_18_n_0
    SLICE_X38Y24         CARRY4 (Prop_carry4_CI_CO[3])
                                                      0.117    15.015 r  u_division/division__211_carry_i_15/CO[3]
                         net (fo=1, routed)           0.009    15.024    u_division/division__211_carry_i_15_n_0
    SLICE_X38Y25         CARRY4 (Prop_carry4_CI_CO[1])
                                                      0.157    15.181 r  u_division/result_OBUF[3]_inst_i_6/CO[1]
                         net (fo=12, routed)          0.958    16.140    u_division/result_OBUF[3]_inst_i_6_n_2
    SLICE_X39Y27         LUT5 (Prop_lut5_I0_O)        0.332    16.472 r  u_division/result_OBUF[3]_inst_i_2/O
                         net (fo=1, routed)           0.154    16.626    u_division/result_OBUF[3]_inst_i_2_n_0
    SLICE_X39Y27         LUT6 (Prop_lut6_I0_O)        0.124    16.750 r  u_division/result_OBUF[3]_inst_i_1/O
                         net (fo=1, routed)           1.886    18.636    result_OBUF[3]
    P19                  OBUF (Prop_obuf_I_O)         2.642    21.278 r  result_OBUF[3]_inst/O
                         net (fo=0)                   0.000    21.278    result[3]
    P19                                                               r  result[3] (OUT)
  -------------------------------------------------------------------    -------------------

Slack:                    inf
  Source:                 b[5]
                            (input port)
  Destination:            result[4]
                            (output port)
  Path Group:             (none)
  Path Type:              Max at Slow Process Corner
  Data Path Delay:        19.643ns  (logic 7.635ns (38.868%)  route 12.008ns (61.132%))
  Logic Levels:           17  (CARRY4=8 IBUF=1 LUT2=1 LUT3=2 LUT4=1 LUT5=1 LUT6=2 OBUF=1)

    Location             Delay type                Incr(ns)  Path(ns)    Netlist Resource(s)
  -------------------------------------------------------------------    -------------------
    W16                                               0.000     0.000 r  b[5] (IN)
                         net (fo=0)                   0.000     0.000    b[5]
    W16                  IBUF (Prop_ibuf_I_O)         0.961     0.961 r  b_IBUF[5]_inst/O
                         net (fo=40, routed)          3.506     4.467    u_division/b_IBUF[5]
    SLICE_X33Y26         LUT4 (Prop_lut4_I1_O)        0.124     4.591 r  u_division/division__7_carry_i_9/O
                         net (fo=28, routed)          0.942     5.534    u_division/b[6]_0
    SLICE_X38Y26         LUT6 (Prop_lut6_I4_O)        0.124     5.658 r  u_division/division__7_carry_i_10/O
                         net (fo=6, routed)           0.807     6.465    u_division/b[1]
    SLICE_X38Y27         LUT2 (Prop_lut2_I1_O)        0.153     6.618 r  u_division/division__7_carry__0_i_3/O
                         net (fo=1, routed)           0.659     7.277    u_division/division__7_carry__0_i_3_n_0
    SLICE_X37Y27         CARRY4 (Prop_carry4_DI[1]_CO[3])
                                                      0.714     7.991 r  u_division/division__7_carry__0/CO[3]
                         net (fo=1, routed)           0.000     7.991    u_division/division__7_carry__0_n_0
    SLICE_X37Y28         CARRY4 (Prop_carry4_CI_CO[0])
                                                      0.271     8.262 r  u_division/division__7_carry__1/CO[0]
                         net (fo=12, routed)          1.179     9.440    u_division/division__7_carry__1_n_3
    SLICE_X36Y25         LUT3 (Prop_lut3_I0_O)        0.373     9.813 r  u_division/result_OBUF[5]_inst_i_20/O
                         net (fo=1, routed)           0.000     9.813    u_division/result_OBUF[5]_inst_i_20_n_0
    SLICE_X36Y25         CARRY4 (Prop_carry4_S[1]_CO[3])
                                                      0.550    10.363 r  u_division/result_OBUF[5]_inst_i_13/CO[3]
                         net (fo=1, routed)           0.000    10.363    u_division/result_OBUF[5]_inst_i_13_n_0
    SLICE_X36Y26         CARRY4 (Prop_carry4_CI_CO[3])
                                                      0.114    10.477 r  u_division/result_OBUF[5]_inst_i_9/CO[3]
                         net (fo=1, routed)           0.000    10.477    u_division/result_OBUF[5]_inst_i_9_n_0
    SLICE_X36Y27         CARRY4 (Prop_carry4_CI_CO[1])
                                                      0.157    10.634 r  u_division/result_OBUF[5]_inst_i_6/CO[1]
                         net (fo=12, routed)          1.500    12.134    u_division/result_OBUF[5]_inst_i_6_n_2
    SLICE_X37Y23         LUT3 (Prop_lut3_I0_O)        0.329    12.463 r  u_division/division__211_carry_i_34/O
                         net (fo=1, routed)           0.000    12.463    u_division/division__211_carry_i_34_n_0
    SLICE_X37Y23         CARRY4 (Prop_carry4_S[3]_CO[3])
                                                      0.401    12.864 r  u_division/division__211_carry_i_26/CO[3]
                         net (fo=1, routed)           0.000    12.864    u_division/division__211_carry_i_26_n_0
    SLICE_X37Y24         CARRY4 (Prop_carry4_CI_CO[3])
                                                      0.114    12.978 r  u_division/result_OBUF[4]_inst_i_10/CO[3]
                         net (fo=1, routed)           0.009    12.987    u_division/result_OBUF[4]_inst_i_10_n_0
    SLICE_X37Y25         CARRY4 (Prop_carry4_CI_CO[1])
                                                      0.157    13.144 r  u_division/result_OBUF[4]_inst_i_6/CO[1]
                         net (fo=12, routed)          0.755    13.899    u_division/result_OBUF[4]_inst_i_6_n_2
    SLICE_X39Y26         LUT5 (Prop_lut5_I0_O)        0.329    14.228 r  u_division/result_OBUF[4]_inst_i_2/O
                         net (fo=1, routed)           0.800    15.027    u_division/result_OBUF[4]_inst_i_2_n_0
    SLICE_X42Y26         LUT6 (Prop_lut6_I0_O)        0.124    15.151 r  u_division/result_OBUF[4]_inst_i_1/O
                         net (fo=1, routed)           1.852    17.003    result_OBUF[4]
    N18                  OBUF (Prop_obuf_I_O)         2.640    19.643 r  result_OBUF[4]_inst/O
                         net (fo=0)                   0.000    19.643    result[4]
    N18                                                               r  result[4] (OUT)
  -------------------------------------------------------------------    -------------------

Slack:                    inf
  Source:                 a[1]
                            (input port)
  Destination:            result[15]
                            (output port)
  Path Group:             (none)
  Path Type:              Max at Slow Process Corner
  Data Path Delay:        18.182ns  (logic 6.787ns (37.331%)  route 11.394ns (62.669%))
  Logic Levels:           13  (CARRY4=5 IBUF=1 LUT2=1 LUT4=2 LUT5=1 LUT6=2 OBUF=1)

    Location             Delay type                Incr(ns)  Path(ns)    Netlist Resource(s)
  -------------------------------------------------------------------    -------------------
    P16                                               0.000     0.000 r  a[1] (IN)
                         net (fo=0)                   0.000     0.000    a[1]
    P16                  IBUF (Prop_ibuf_I_O)         0.938     0.938 r  a_IBUF[1]_inst/O
                         net (fo=40, routed)          4.341     5.279    u_multiplicator/a_IBUF[1]
    SLICE_X32Y27         LUT2 (Prop_lut2_I0_O)        0.150     5.429 r  u_multiplicator/multiplication__30_carry_i_8/O
                         net (fo=1, routed)           0.661     6.090    u_multiplicator/multiplication__30_carry_i_8_n_0
    SLICE_X33Y27         LUT6 (Prop_lut6_I5_O)        0.328     6.418 r  u_multiplicator/multiplication__30_carry_i_4/O
                         net (fo=1, routed)           0.000     6.418    u_multiplicator/multiplication__30_carry_i_4_n_0
    SLICE_X33Y27         CARRY4 (Prop_carry4_S[3]_CO[3])
                                                      0.401     6.819 r  u_multiplicator/multiplication__30_carry/CO[3]
                         net (fo=1, routed)           0.000     6.819    u_multiplicator/multiplication__30_carry_n_0
    SLICE_X33Y28         CARRY4 (Prop_carry4_CI_O[1])
                                                      0.334     7.153 r  u_multiplicator/multiplication__30_carry__0/O[1]
                         net (fo=3, routed)           1.001     8.154    u_multiplicator/multiplication__30_carry__0_n_6
    SLICE_X34Y31         LUT4 (Prop_lut4_I3_O)        0.303     8.457 r  u_multiplicator/multiplication__60_carry__0_i_11/O
                         net (fo=3, routed)           1.119     9.576    u_multiplicator/multiplication__60_carry__0_i_11_n_0
    SLICE_X35Y26         LUT6 (Prop_lut6_I3_O)        0.124     9.700 r  u_multiplicator/multiplication__60_carry__0_i_3/O
                         net (fo=1, routed)           0.547    10.247    u_multiplicator/multiplication__60_carry__0_i_3_n_0
    SLICE_X34Y28         CARRY4 (Prop_carry4_DI[1]_CO[3])
                                                      0.520    10.767 r  u_multiplicator/multiplication__60_carry__0/CO[3]
                         net (fo=1, routed)           0.000    10.767    u_multiplicator/multiplication__60_carry__0_n_0
    SLICE_X34Y29         CARRY4 (Prop_carry4_CI_CO[3])
                                                      0.117    10.884 r  u_multiplicator/multiplication__60_carry__1/CO[3]
                         net (fo=1, routed)           0.000    10.884    u_multiplicator/multiplication__60_carry__1_n_0
    SLICE_X34Y30         CARRY4 (Prop_carry4_CI_O[0])
                                                      0.219    11.103 r  u_multiplicator/multiplication__60_carry__2/O[0]
                         net (fo=1, routed)           1.181    12.284    u_multiplicator/data7[15]
    SLICE_X38Y32         LUT4 (Prop_lut4_I3_O)        0.317    12.601 r  u_multiplicator/result_OBUF[15]_inst_i_2/O
                         net (fo=1, routed)           0.685    13.286    u_multiplicator/result_OBUF[15]_inst_i_2_n_0
    SLICE_X39Y32         LUT5 (Prop_lut5_I0_O)        0.328    13.614 r  u_multiplicator/result_OBUF[15]_inst_i_1/O
                         net (fo=1, routed)           1.859    15.474    result_OBUF[15]
    Y17                  OBUF (Prop_obuf_I_O)         2.708    18.182 r  result_OBUF[15]_inst/O
                         net (fo=0)                   0.000    18.182    result[15]
    Y17                                                               r  result[15] (OUT)
  -------------------------------------------------------------------    -------------------

Slack:                    inf
  Source:                 a[1]
                            (input port)
  Destination:            result[14]
                            (output port)
  Path Group:             (none)
  Path Type:              Max at Slow Process Corner
  Data Path Delay:        17.112ns  (logic 6.575ns (38.424%)  route 10.537ns (61.576%))
  Logic Levels:           12  (CARRY4=4 IBUF=1 LUT2=1 LUT4=2 LUT6=3 OBUF=1)

    Location             Delay type                Incr(ns)  Path(ns)    Netlist Resource(s)
  -------------------------------------------------------------------    -------------------
    P16                                               0.000     0.000 r  a[1] (IN)
                         net (fo=0)                   0.000     0.000    a[1]
    P16                  IBUF (Prop_ibuf_I_O)         0.938     0.938 r  a_IBUF[1]_inst/O
                         net (fo=40, routed)          4.341     5.279    u_multiplicator/a_IBUF[1]
    SLICE_X32Y27         LUT2 (Prop_lut2_I0_O)        0.150     5.429 r  u_multiplicator/multiplication__30_carry_i_8/O
                         net (fo=1, routed)           0.661     6.090    u_multiplicator/multiplication__30_carry_i_8_n_0
    SLICE_X33Y27         LUT6 (Prop_lut6_I5_O)        0.328     6.418 r  u_multiplicator/multiplication__30_carry_i_4/O
                         net (fo=1, routed)           0.000     6.418    u_multiplicator/multiplication__30_carry_i_4_n_0
    SLICE_X33Y27         CARRY4 (Prop_carry4_S[3]_CO[3])
                                                      0.401     6.819 r  u_multiplicator/multiplication__30_carry/CO[3]
                         net (fo=1, routed)           0.000     6.819    u_multiplicator/multiplication__30_carry_n_0
    SLICE_X33Y28         CARRY4 (Prop_carry4_CI_O[1])
                                                      0.334     7.153 r  u_multiplicator/multiplication__30_carry__0/O[1]
                         net (fo=3, routed)           1.001     8.154    u_multiplicator/multiplication__30_carry__0_n_6
    SLICE_X34Y31         LUT4 (Prop_lut4_I3_O)        0.303     8.457 r  u_multiplicator/multiplication__60_carry__0_i_11/O
                         net (fo=3, routed)           1.119     9.576    u_multiplicator/multiplication__60_carry__0_i_11_n_0
    SLICE_X35Y26         LUT6 (Prop_lut6_I3_O)        0.124     9.700 r  u_multiplicator/multiplication__60_carry__0_i_3/O
                         net (fo=1, routed)           0.547    10.247    u_multiplicator/multiplication__60_carry__0_i_3_n_0
    SLICE_X34Y28         CARRY4 (Prop_carry4_DI[1]_CO[3])
                                                      0.520    10.767 r  u_multiplicator/multiplication__60_carry__0/CO[3]
                         net (fo=1, routed)           0.000    10.767    u_multiplicator/multiplication__60_carry__0_n_0
    SLICE_X34Y29         CARRY4 (Prop_carry4_CI_O[3])
                                                      0.315    11.082 r  u_multiplicator/multiplication__60_carry__1/O[3]
                         net (fo=1, routed)           0.896    11.978    u_multiplicator/data7[14]
    SLICE_X38Y32         LUT4 (Prop_lut4_I3_O)        0.307    12.285 r  u_multiplicator/result_OBUF[14]_inst_i_2/O
                         net (fo=1, routed)           0.286    12.572    u_multiplicator/result_OBUF[14]_inst_i_2_n_0
    SLICE_X38Y32         LUT6 (Prop_lut6_I0_O)        0.124    12.696 r  u_multiplicator/result_OBUF[14]_inst_i_1/O
                         net (fo=1, routed)           1.686    14.381    result_OBUF[14]
    W14                  OBUF (Prop_obuf_I_O)         2.731    17.112 r  result_OBUF[14]_inst/O
                         net (fo=0)                   0.000    17.112    result[14]
    W14                                                               r  result[14] (OUT)
  -------------------------------------------------------------------    -------------------

Slack:                    inf
  Source:                 b[5]
                            (input port)
  Destination:            result[5]
                            (output port)
  Path Group:             (none)
  Path Type:              Max at Slow Process Corner
  Data Path Delay:        17.056ns  (logic 6.670ns (39.106%)  route 10.386ns (60.894%))
  Logic Levels:           13  (CARRY4=5 IBUF=1 LUT2=1 LUT3=1 LUT4=1 LUT5=1 LUT6=2 OBUF=1)

    Location             Delay type                Incr(ns)  Path(ns)    Netlist Resource(s)
  -------------------------------------------------------------------    -------------------
    W16                                               0.000     0.000 r  b[5] (IN)
                         net (fo=0)                   0.000     0.000    b[5]
    W16                  IBUF (Prop_ibuf_I_O)         0.961     0.961 r  b_IBUF[5]_inst/O
                         net (fo=40, routed)          3.506     4.467    u_division/b_IBUF[5]
    SLICE_X33Y26         LUT4 (Prop_lut4_I1_O)        0.124     4.591 r  u_division/division__7_carry_i_9/O
                         net (fo=28, routed)          0.942     5.534    u_division/b[6]_0
    SLICE_X38Y26         LUT6 (Prop_lut6_I4_O)        0.124     5.658 r  u_division/division__7_carry_i_10/O
                         net (fo=6, routed)           0.807     6.465    u_division/b[1]
    SLICE_X38Y27         LUT2 (Prop_lut2_I1_O)        0.153     6.618 r  u_division/division__7_carry__0_i_3/O
                         net (fo=1, routed)           0.659     7.277    u_division/division__7_carry__0_i_3_n_0
    SLICE_X37Y27         CARRY4 (Prop_carry4_DI[1]_CO[3])
                                                      0.714     7.991 r  u_division/division__7_carry__0/CO[3]
                         net (fo=1, routed)           0.000     7.991    u_division/division__7_carry__0_n_0
    SLICE_X37Y28         CARRY4 (Prop_carry4_CI_CO[0])
                                                      0.271     8.262 r  u_division/division__7_carry__1/CO[0]
                         net (fo=12, routed)          1.179     9.440    u_division/division__7_carry__1_n_3
    SLICE_X36Y25         LUT3 (Prop_lut3_I0_O)        0.373     9.813 r  u_division/result_OBUF[5]_inst_i_20/O
                         net (fo=1, routed)           0.000     9.813    u_division/result_OBUF[5]_inst_i_20_n_0
    SLICE_X36Y25         CARRY4 (Prop_carry4_S[1]_CO[3])
                                                      0.550    10.363 r  u_division/result_OBUF[5]_inst_i_13/CO[3]
                         net (fo=1, routed)           0.000    10.363    u_division/result_OBUF[5]_inst_i_13_n_0
    SLICE_X36Y26         CARRY4 (Prop_carry4_CI_CO[3])
                                                      0.114    10.477 r  u_division/result_OBUF[5]_inst_i_9/CO[3]
                         net (fo=1, routed)           0.000    10.477    u_division/result_OBUF[5]_inst_i_9_n_0
    SLICE_X36Y27         CARRY4 (Prop_carry4_CI_CO[1])
                                                      0.157    10.634 r  u_division/result_OBUF[5]_inst_i_6/CO[1]
                         net (fo=12, routed)          0.809    11.444    u_division/result_OBUF[5]_inst_i_6_n_2
    SLICE_X39Y27         LUT5 (Prop_lut5_I0_O)        0.329    11.773 r  u_division/result_OBUF[5]_inst_i_2/O
                         net (fo=1, routed)           0.661    12.434    u_division/result_OBUF[5]_inst_i_2_n_0
    SLICE_X42Y27         LUT6 (Prop_lut6_I0_O)        0.124    12.558 r  u_division/result_OBUF[5]_inst_i_1/O
                         net (fo=1, routed)           1.822    14.380    result_OBUF[5]
    U19                  OBUF (Prop_obuf_I_O)         2.676    17.056 r  result_OBUF[5]_inst/O
                         net (fo=0)                   0.000    17.056    result[5]
    U19                                                               r  result[5] (OUT)
  -------------------------------------------------------------------    -------------------

Slack:                    inf
  Source:                 a[1]
                            (input port)
  Destination:            result[11]
                            (output port)
  Path Group:             (none)
  Path Type:              Max at Slow Process Corner
  Data Path Delay:        17.017ns  (logic 6.409ns (37.664%)  route 10.607ns (62.336%))
  Logic Levels:           12  (CARRY4=4 IBUF=1 LUT2=1 LUT4=2 LUT6=3 OBUF=1)

    Location             Delay type                Incr(ns)  Path(ns)    Netlist Resource(s)
  -------------------------------------------------------------------    -------------------
    P16                                               0.000     0.000 r  a[1] (IN)
                         net (fo=0)                   0.000     0.000    a[1]
    P16                  IBUF (Prop_ibuf_I_O)         0.938     0.938 r  a_IBUF[1]_inst/O
                         net (fo=40, routed)          4.341     5.279    u_multiplicator/a_IBUF[1]
    SLICE_X32Y27         LUT2 (Prop_lut2_I0_O)        0.150     5.429 r  u_multiplicator/multiplication__30_carry_i_8/O
                         net (fo=1, routed)           0.661     6.090    u_multiplicator/multiplication__30_carry_i_8_n_0
    SLICE_X33Y27         LUT6 (Prop_lut6_I5_O)        0.328     6.418 r  u_multiplicator/multiplication__30_carry_i_4/O
                         net (fo=1, routed)           0.000     6.418    u_multiplicator/multiplication__30_carry_i_4_n_0
    SLICE_X33Y27         CARRY4 (Prop_carry4_S[3]_CO[3])
                                                      0.401     6.819 r  u_multiplicator/multiplication__30_carry/CO[3]
                         net (fo=1, routed)           0.000     6.819    u_multiplicator/multiplication__30_carry_n_0
    SLICE_X33Y28         CARRY4 (Prop_carry4_CI_O[1])
                                                      0.334     7.153 r  u_multiplicator/multiplication__30_carry__0/O[1]
                         net (fo=3, routed)           1.001     8.154    u_multiplicator/multiplication__30_carry__0_n_6
    SLICE_X34Y31         LUT4 (Prop_lut4_I3_O)        0.303     8.457 r  u_multiplicator/multiplication__60_carry__0_i_11/O
                         net (fo=3, routed)           1.119     9.576    u_multiplicator/multiplication__60_carry__0_i_11_n_0
    SLICE_X35Y26         LUT6 (Prop_lut6_I3_O)        0.124     9.700 r  u_multiplicator/multiplication__60_carry__0_i_3/O
                         net (fo=1, routed)           0.547    10.247    u_multiplicator/multiplication__60_carry__0_i_3_n_0
    SLICE_X34Y28         CARRY4 (Prop_carry4_DI[1]_CO[3])
                                                      0.520    10.767 r  u_multiplicator/multiplication__60_carry__0/CO[3]
                         net (fo=1, routed)           0.000    10.767    u_multiplicator/multiplication__60_carry__0_n_0
    SLICE_X34Y29         CARRY4 (Prop_carry4_CI_O[0])
                                                      0.219    10.986 r  u_multiplicator/multiplication__60_carry__1/O[0]
                         net (fo=1, routed)           0.974    11.960    u_multiplicator/data7[11]
    SLICE_X38Y31         LUT4 (Prop_lut4_I3_O)        0.295    12.255 r  u_multiplicator/result_OBUF[11]_inst_i_2/O
                         net (fo=1, routed)           0.161    12.416    u_multiplicator/result_OBUF[11]_inst_i_2_n_0
    SLICE_X38Y31         LUT6 (Prop_lut6_I0_O)        0.124    12.540 r  u_multiplicator/result_OBUF[11]_inst_i_1/O
                         net (fo=1, routed)           1.804    14.344    result_OBUF[11]
    U17                  OBUF (Prop_obuf_I_O)         2.673    17.017 r  result_OBUF[11]_inst/O
                         net (fo=0)                   0.000    17.017    result[11]
    U17                                                               r  result[11] (OUT)
  -------------------------------------------------------------------    -------------------

Slack:                    inf
  Source:                 a[1]
                            (input port)
  Destination:            result[12]
                            (output port)
  Path Group:             (none)
  Path Type:              Max at Slow Process Corner
  Data Path Delay:        16.767ns  (logic 6.403ns (38.190%)  route 10.364ns (61.810%))
  Logic Levels:           11  (CARRY4=4 IBUF=1 LUT2=1 LUT4=1 LUT6=3 OBUF=1)

    Location             Delay type                Incr(ns)  Path(ns)    Netlist Resource(s)
  -------------------------------------------------------------------    -------------------
    P16                                               0.000     0.000 r  a[1] (IN)
                         net (fo=0)                   0.000     0.000    a[1]
    P16                  IBUF (Prop_ibuf_I_O)         0.938     0.938 r  a_IBUF[1]_inst/O
                         net (fo=40, routed)          4.341     5.279    u_multiplicator/a_IBUF[1]
    SLICE_X32Y27         LUT2 (Prop_lut2_I0_O)        0.150     5.429 r  u_multiplicator/multiplication__30_carry_i_8/O
                         net (fo=1, routed)           0.661     6.090    u_multiplicator/multiplication__30_carry_i_8_n_0
    SLICE_X33Y27         LUT6 (Prop_lut6_I5_O)        0.328     6.418 r  u_multiplicator/multiplication__30_carry_i_4/O
                         net (fo=1, routed)           0.000     6.418    u_multiplicator/multiplication__30_carry_i_4_n_0
    SLICE_X33Y27         CARRY4 (Prop_carry4_S[3]_CO[3])
                                                      0.401     6.819 r  u_multiplicator/multiplication__30_carry/CO[3]
                         net (fo=1, routed)           0.000     6.819    u_multiplicator/multiplication__30_carry_n_0
    SLICE_X33Y28         CARRY4 (Prop_carry4_CI_O[1])
                                                      0.334     7.153 r  u_multiplicator/multiplication__30_carry__0/O[1]
                         net (fo=3, routed)           1.001     8.154    u_multiplicator/multiplication__30_carry__0_n_6
    SLICE_X34Y31         LUT4 (Prop_lut4_I3_O)        0.303     8.457 r  u_multiplicator/multiplication__60_carry__0_i_11/O
                         net (fo=3, routed)           1.119     9.576    u_multiplicator/multiplication__60_carry__0_i_11_n_0
    SLICE_X35Y26         LUT6 (Prop_lut6_I3_O)        0.124     9.700 r  u_multiplicator/multiplication__60_carry__0_i_3/O
                         net (fo=1, routed)           0.547    10.247    u_multiplicator/multiplication__60_carry__0_i_3_n_0
    SLICE_X34Y28         CARRY4 (Prop_carry4_DI[1]_CO[3])
                                                      0.520    10.767 r  u_multiplicator/multiplication__60_carry__0/CO[3]
                         net (fo=1, routed)           0.000    10.767    u_multiplicator/multiplication__60_carry__0_n_0
    SLICE_X34Y29         CARRY4 (Prop_carry4_CI_O[1])
                                                      0.323    11.090 r  u_multiplicator/multiplication__60_carry__1/O[1]
                         net (fo=1, routed)           1.010    12.100    u_multiplicator/data7[12]
    SLICE_X39Y31         LUT6 (Prop_lut6_I2_O)        0.306    12.406 r  u_multiplicator/result_OBUF[12]_inst_i_1/O
                         net (fo=1, routed)           1.685    14.091    result_OBUF[12]
    T16                  OBUF (Prop_obuf_I_O)         2.676    16.767 r  result_OBUF[12]_inst/O
                         net (fo=0)                   0.000    16.767    result[12]
    T16                                                               r  result[12] (OUT)
  -------------------------------------------------------------------    -------------------





Min Delay Paths
--------------------------------------------------------------------------------------
Slack:                    inf
  Source:                 opcode[2]
                            (input port)
  Destination:            result[1]
                            (output port)
  Path Group:             (none)
  Path Type:              Min at Fast Process Corner
  Data Path Delay:        2.422ns  (logic 1.407ns (58.099%)  route 1.015ns (41.901%))
  Logic Levels:           3  (IBUF=1 LUT5=1 OBUF=1)

    Location             Delay type                Incr(ns)  Path(ns)    Netlist Resource(s)
  -------------------------------------------------------------------    -------------------
    V20                                               0.000     0.000 f  opcode[2] (IN)
                         net (fo=0)                   0.000     0.000    opcode[2]
    V20                  IBUF (Prop_ibuf_I_O)         0.204     0.204 f  opcode_IBUF[2]_inst/O
                         net (fo=40, routed)          0.633     0.837    u_division/opcode_IBUF[2]
    SLICE_X40Y25         LUT5 (Prop_lut5_I4_O)        0.045     0.882 r  u_division/result_OBUF[1]_inst_i_1/O
                         net (fo=1, routed)           0.381     1.263    result_OBUF[1]
    P20                  OBUF (Prop_obuf_I_O)         1.159     2.422 r  result_OBUF[1]_inst/O
                         net (fo=0)                   0.000     2.422    result[1]
    P20                                                               r  result[1] (OUT)
  -------------------------------------------------------------------    -------------------

Slack:                    inf
  Source:                 opcode[3]
                            (input port)
  Destination:            result[0]
                            (output port)
  Path Group:             (none)
  Path Type:              Min at Fast Process Corner
  Data Path Delay:        2.434ns  (logic 1.385ns (56.896%)  route 1.049ns (43.104%))
  Logic Levels:           3  (IBUF=1 LUT6=1 OBUF=1)

    Location             Delay type                Incr(ns)  Path(ns)    Netlist Resource(s)
  -------------------------------------------------------------------    -------------------
    U20                                               0.000     0.000 r  opcode[3] (IN)
                         net (fo=0)                   0.000     0.000    opcode[3]
    U20                  IBUF (Prop_ibuf_I_O)         0.193     0.193 r  opcode_IBUF[3]_inst/O
                         net (fo=19, routed)          0.654     0.847    u_division/opcode_IBUF[3]
    SLICE_X42Y26         LUT6 (Prop_lut6_I1_O)        0.045     0.892 r  u_division/result_OBUF[0]_inst_i_1/O
                         net (fo=1, routed)           0.395     1.287    result_OBUF[0]
    T20                  OBUF (Prop_obuf_I_O)         1.147     2.434 r  result_OBUF[0]_inst/O
                         net (fo=0)                   0.000     2.434    result[0]
    T20                                                               r  result[0] (OUT)
  -------------------------------------------------------------------    -------------------

Slack:                    inf
  Source:                 opcode[0]
                            (input port)
  Destination:            result[5]
                            (output port)
  Path Group:             (none)
  Path Type:              Min at Fast Process Corner
  Data Path Delay:        2.496ns  (logic 1.494ns (59.858%)  route 1.002ns (40.142%))
  Logic Levels:           4  (IBUF=1 LUT6=2 OBUF=1)

    Location             Delay type                Incr(ns)  Path(ns)    Netlist Resource(s)
  -------------------------------------------------------------------    -------------------
    Y18                                               0.000     0.000 r  opcode[0] (IN)
                         net (fo=0)                   0.000     0.000    opcode[0]
    Y18                  IBUF (Prop_ibuf_I_O)         0.212     0.212 r  opcode_IBUF[0]_inst/O
                         net (fo=49, routed)          0.579     0.791    u_adder/opcode_IBUF[0]
    SLICE_X42Y27         LUT6 (Prop_lut6_I5_O)        0.045     0.836 f  u_adder/result_OBUF[5]_inst_i_5/O
                         net (fo=1, routed)           0.054     0.890    u_division/result[5]
    SLICE_X42Y27         LUT6 (Prop_lut6_I4_O)        0.045     0.935 r  u_division/result_OBUF[5]_inst_i_1/O
                         net (fo=1, routed)           0.369     1.304    result_OBUF[5]
    U19                  OBUF (Prop_obuf_I_O)         1.192     2.496 r  result_OBUF[5]_inst/O
                         net (fo=0)                   0.000     2.496    result[5]
    U19                                                               r  result[5] (OUT)
  -------------------------------------------------------------------    -------------------

Slack:                    inf
  Source:                 opcode[3]
                            (input port)
  Destination:            result[4]
                            (output port)
  Path Group:             (none)
  Path Type:              Min at Fast Process Corner
  Data Path Delay:        2.523ns  (logic 1.394ns (55.248%)  route 1.129ns (44.752%))
  Logic Levels:           3  (IBUF=1 LUT6=1 OBUF=1)

    Location             Delay type                Incr(ns)  Path(ns)    Netlist Resource(s)
  -------------------------------------------------------------------    -------------------
    U20                                               0.000     0.000 r  opcode[3] (IN)
                         net (fo=0)                   0.000     0.000    opcode[3]
    U20                  IBUF (Prop_ibuf_I_O)         0.193     0.193 r  opcode_IBUF[3]_inst/O
                         net (fo=19, routed)          0.730     0.923    u_division/opcode_IBUF[3]
    SLICE_X42Y26         LUT6 (Prop_lut6_I1_O)        0.045     0.968 r  u_division/result_OBUF[4]_inst_i_1/O
                         net (fo=1, routed)           0.399     1.367    result_OBUF[4]
    N18                  OBUF (Prop_obuf_I_O)         1.157     2.523 r  result_OBUF[4]_inst/O
                         net (fo=0)                   0.000     2.523    result[4]
    N18                                                               r  result[4] (OUT)
  -------------------------------------------------------------------    -------------------

Slack:                    inf
  Source:                 opcode[0]
                            (input port)
  Destination:            a_greater_out
                            (output port)
  Path Group:             (none)
  Path Type:              Min at Fast Process Corner
  Data Path Delay:        2.563ns  (logic 1.434ns (55.935%)  route 1.129ns (44.065%))
  Logic Levels:           3  (IBUF=1 LUT5=1 OBUF=1)

    Location             Delay type                Incr(ns)  Path(ns)    Netlist Resource(s)
  -------------------------------------------------------------------    -------------------
    Y18                                               0.000     0.000 r  opcode[0] (IN)
                         net (fo=0)                   0.000     0.000    opcode[0]
    Y18                  IBUF (Prop_ibuf_I_O)         0.212     0.212 r  opcode_IBUF[0]_inst/O
                         net (fo=49, routed)          0.655     0.867    u_comparator/opcode_IBUF[0]
    SLICE_X43Y29         LUT5 (Prop_lut5_I3_O)        0.045     0.912 r  u_comparator/a_greater_out_OBUF_inst_i_1/O
                         net (fo=1, routed)           0.474     1.386    a_greater_out_OBUF
    R14                  OBUF (Prop_obuf_I_O)         1.177     2.563 r  a_greater_out_OBUF_inst/O
                         net (fo=0)                   0.000     2.563    a_greater_out
    R14                                                               r  a_greater_out (OUT)
  -------------------------------------------------------------------    -------------------

Slack:                    inf
  Source:                 opcode[0]
                            (input port)
  Destination:            a_less_out
                            (output port)
  Path Group:             (none)
  Path Type:              Min at Fast Process Corner
  Data Path Delay:        2.592ns  (logic 1.439ns (55.496%)  route 1.154ns (44.504%))
  Logic Levels:           3  (IBUF=1 LUT5=1 OBUF=1)

    Location             Delay type                Incr(ns)  Path(ns)    Netlist Resource(s)
  -------------------------------------------------------------------    -------------------
    Y18                                               0.000     0.000 r  opcode[0] (IN)
                         net (fo=0)                   0.000     0.000    opcode[0]
    Y18                  IBUF (Prop_ibuf_I_O)         0.212     0.212 r  opcode_IBUF[0]_inst/O
                         net (fo=49, routed)          0.730     0.942    u_comparator/opcode_IBUF[0]
    SLICE_X42Y31         LUT5 (Prop_lut5_I3_O)        0.045     0.987 r  u_comparator/a_less_out_OBUF_inst_i_1/O
                         net (fo=1, routed)           0.424     1.411    a_less_out_OBUF
    P14                  OBUF (Prop_obuf_I_O)         1.182     2.592 r  a_less_out_OBUF_inst/O
                         net (fo=0)                   0.000     2.592    a_less_out
    P14                                                               r  a_less_out (OUT)
  -------------------------------------------------------------------    -------------------

Slack:                    inf
  Source:                 opcode[3]
                            (input port)
  Destination:            result[6]
                            (output port)
  Path Group:             (none)
  Path Type:              Min at Fast Process Corner
  Data Path Delay:        2.599ns  (logic 1.432ns (55.085%)  route 1.167ns (44.915%))
  Logic Levels:           3  (IBUF=1 LUT6=1 OBUF=1)

    Location             Delay type                Incr(ns)  Path(ns)    Netlist Resource(s)
  -------------------------------------------------------------------    -------------------
    U20                                               0.000     0.000 r  opcode[3] (IN)
                         net (fo=0)                   0.000     0.000    opcode[3]
    U20                  IBUF (Prop_ibuf_I_O)         0.193     0.193 r  opcode_IBUF[3]_inst/O
                         net (fo=19, routed)          0.792     0.984    u_division/opcode_IBUF[3]
    SLICE_X40Y27         LUT6 (Prop_lut6_I1_O)        0.045     1.029 r  u_division/result_OBUF[6]_inst_i_1/O
                         net (fo=1, routed)           0.376     1.405    result_OBUF[6]
    U18                  OBUF (Prop_obuf_I_O)         1.194     2.599 r  result_OBUF[6]_inst/O
                         net (fo=0)                   0.000     2.599    result[6]
    U18                                                               r  result[6] (OUT)
  -------------------------------------------------------------------    -------------------

Slack:                    inf
  Source:                 opcode[2]
                            (input port)
  Destination:            result[2]
                            (output port)
  Path Group:             (none)
  Path Type:              Min at Fast Process Corner
  Data Path Delay:        2.603ns  (logic 1.407ns (54.048%)  route 1.196ns (45.952%))
  Logic Levels:           3  (IBUF=1 LUT5=1 OBUF=1)

    Location             Delay type                Incr(ns)  Path(ns)    Netlist Resource(s)
  -------------------------------------------------------------------    -------------------
    V20                                               0.000     0.000 r  opcode[2] (IN)
                         net (fo=0)                   0.000     0.000    opcode[2]
    V20                  IBUF (Prop_ibuf_I_O)         0.204     0.204 r  opcode_IBUF[2]_inst/O
                         net (fo=40, routed)          0.764     0.967    u_division/opcode_IBUF[2]
    SLICE_X40Y25         LUT5 (Prop_lut5_I3_O)        0.045     1.012 r  u_division/result_OBUF[2]_inst_i_1/O
                         net (fo=1, routed)           0.432     1.445    result_OBUF[2]
    N20                  OBUF (Prop_obuf_I_O)         1.159     2.603 r  result_OBUF[2]_inst/O
                         net (fo=0)                   0.000     2.603    result[2]
    N20                                                               r  result[2] (OUT)
  -------------------------------------------------------------------    -------------------

Slack:                    inf
  Source:                 opcode[2]
                            (input port)
  Destination:            result[3]
                            (output port)
  Path Group:             (none)
  Path Type:              Min at Fast Process Corner
  Data Path Delay:        2.610ns  (logic 1.407ns (53.917%)  route 1.203ns (46.083%))
  Logic Levels:           3  (IBUF=1 LUT6=1 OBUF=1)

    Location             Delay type                Incr(ns)  Path(ns)    Netlist Resource(s)
  -------------------------------------------------------------------    -------------------
    V20                                               0.000     0.000 f  opcode[2] (IN)
                         net (fo=0)                   0.000     0.000    opcode[2]
    V20                  IBUF (Prop_ibuf_I_O)         0.204     0.204 f  opcode_IBUF[2]_inst/O
                         net (fo=40, routed)          0.764     0.968    u_division/opcode_IBUF[2]
    SLICE_X39Y27         LUT6 (Prop_lut6_I3_O)        0.045     1.013 r  u_division/result_OBUF[3]_inst_i_1/O
                         net (fo=1, routed)           0.439     1.452    result_OBUF[3]
    P19                  OBUF (Prop_obuf_I_O)         1.159     2.610 r  result_OBUF[3]_inst/O
                         net (fo=0)                   0.000     2.610    result[3]
    P19                                                               r  result[3] (OUT)
  -------------------------------------------------------------------    -------------------

Slack:                    inf
  Source:                 opcode[3]
                            (input port)
  Destination:            result[10]
                            (output port)
  Path Group:             (none)
  Path Type:              Min at Fast Process Corner
  Data Path Delay:        2.639ns  (logic 1.470ns (55.727%)  route 1.168ns (44.273%))
  Logic Levels:           3  (IBUF=1 LUT6=1 OBUF=1)

    Location             Delay type                Incr(ns)  Path(ns)    Netlist Resource(s)
  -------------------------------------------------------------------    -------------------
    U20                                               0.000     0.000 r  opcode[3] (IN)
                         net (fo=0)                   0.000     0.000    opcode[3]
    U20                  IBUF (Prop_ibuf_I_O)         0.193     0.193 r  opcode_IBUF[3]_inst/O
                         net (fo=19, routed)          0.833     1.025    u_multiplicator/opcode_IBUF[3]
    SLICE_X39Y29         LUT6 (Prop_lut6_I3_O)        0.045     1.070 r  u_multiplicator/result_OBUF[10]_inst_i_1/O
                         net (fo=1, routed)           0.335     1.406    result_OBUF[10]
    V15                  OBUF (Prop_obuf_I_O)         1.233     2.639 r  result_OBUF[10]_inst/O
                         net (fo=0)                   0.000     2.639    result[10]
    V15                                                               r  result[10] (OUT)
  -------------------------------------------------------------------    -------------------





